node:events:485
      throw er; // Unhandled 'error' event
      ^

Error: listen EADDRINUSE: address already in use :::3001
    at Server.setupListenHandle [as _listen2] (node:net:1939:16)
    at listenInCluster (node:net:1996:12)
    at Server.listen (node:net:2101:7)
    at new WebSocketServer (/Users/rudradesai/Desktop/Repos/Glaude/node_modules/.pnpm/ws@8.20.0/node_modules/ws/lib/websocket-server.js:106:20)
    at startWsServer (/Users/rudradesai/Desktop/Repos/Glaude/apps/bot/src/ws-server.ts:135:15)
    at <anonymous> (/Users/rudradesai/Desktop/Repos/Glaude/apps/bot/src/index.ts:25:1)
    at ModuleJob.run (node:internal/modules/esm/module_job:274:25)
    at async onImport.tracePromise.__proto__ (node:internal/modules/esm/loader:644:26)
    at async asyncRunEntryPointWithESMLoader (node:internal/modules/run_main:98:5)
Emitted 'error' event on WebSocketServer instance at:
    at Server.emit (node:events:507:28)
    at emitErrorNT (node:net:1975:8)
    at process.processTicksAndRejections (node:internal/process/task_queues:90:21) {
  code: 'EADDRINUSE',
  errno: -48,
  syscall: 'listen',
  address: '::',
  port: 3001
}

Node.js v23.11.0
Glaude WS server listening on ws://localhost:3001
Glaude API server listening on http://localhost:3002
Glaude bot ready — logged in as Glaude#7497
